\BOOKMARK [1][-]{section.1}{Acknowledgments}{}% 1
\BOOKMARK [1][-]{section.2}{Abstract}{}% 2
\BOOKMARK [1][-]{section.3}{Introduction}{}% 3
\BOOKMARK [2][-]{subsection.3.1}{Space Debris}{section.3}% 4
\BOOKMARK [2][-]{subsection.3.2}{Kessler Syndrome}{section.3}% 5
\BOOKMARK [2][-]{subsection.3.3}{CubeSats}{section.3}% 6
\BOOKMARK [2][-]{subsection.3.4}{OSCAR}{section.3}% 7
\BOOKMARK [2][-]{subsection.3.5}{Orbital Elements}{section.3}% 8
\BOOKMARK [1][-]{section.4}{Data Sources and Formats}{}% 9
\BOOKMARK [2][-]{subsection.4.1}{The Two Line Element Format}{section.4}% 10
\BOOKMARK [1][-]{section.5}{NORAD Space-Track}{}% 11
\BOOKMARK [2][-]{subsection.5.1}{Space-Track.org}{section.5}% 12
\BOOKMARK [2][-]{subsection.5.2}{Space-Track Query}{section.5}% 13
\BOOKMARK [2][-]{subsection.5.3}{Code Queries}{section.5}% 14
\BOOKMARK [1][-]{section.6}{Code Overview}{}% 15
\BOOKMARK [2][-]{subsection.6.1}{VarStore.m}{section.6}% 16
\BOOKMARK [2][-]{subsection.6.2}{UserPass.m}{section.6}% 17
\BOOKMARK [2][-]{subsection.6.3}{MASTER\137TLE.m}{section.6}% 18
\BOOKMARK [2][-]{subsection.6.4}{get\137SATCAT.m}{section.6}% 19
\BOOKMARK [2][-]{subsection.6.5}{get\137TLE\137from\137ID\137Manager.m}{section.6}% 20
\BOOKMARK [2][-]{subsection.6.6}{get\137TLE\137from\137NorID.m}{section.6}% 21
\BOOKMARK [1][-]{section.7}{Targeting}{}% 22
\BOOKMARK [1][-]{section.8}{Conclusion}{}% 23
\BOOKMARK [1][-]{section*.24}{Appendix}{}% 24
\BOOKMARK [2][-]{subsection.8.1}{Master\137TLE.m}{section*.24}% 25
\BOOKMARK [2][-]{subsection.8.2}{get\137SATCAT.m}{section*.24}% 26
\BOOKMARK [2][-]{subsection.8.3}{get\137TLE\137from\137ID\137Manager.m}{section*.24}% 27
\BOOKMARK [2][-]{subsection.8.4}{get\137TLE\137from\137NorID.m}{section*.24}% 28
